<?xml version="1.0" encoding="UTF-8"?>
<!-- Generated by org.testng.reporters.JUnitXMLReporter -->
<testsuite ignored="1" hostname="DESKTOP-1I78L95" failures="0" tests="1" name="Default test" time="31.167" errors="0" timestamp="2022-08-06T00:33:52 IST">
  <testcase classname="com.company.test.HomePageTest" name="verifyUserNameTest" time="0.043"/>
  <testcase classname="com.company.test.HomePageTest" name="verifyHomePageTitleTest" time="0.0">
    <ignored/>
  </testcase> <!-- verifyHomePageTitleTest -->
</testsuite> <!-- Default test -->
