<?xml version="1.0" encoding="UTF-8"?>
<!-- Generated by org.testng.reporters.JUnitXMLReporter -->
<testsuite ignored="0" hostname="DESKTOP-1I78L95" failures="0" tests="3" name="Default test" time="66.761" errors="0" timestamp="2022-08-12T01:26:31 IST">
  <testcase classname="com.company.test.ProfilePageTest" name="checkProfilePageTest" time="0.319"/>
  <testcase classname="com.company.test.ProfilePageTest" name="checkBioDataEntryTest" time="2.45"/>
  <testcase classname="com.company.test.ProfilePageTest" name="seeAllPhotosTest" time="1.656"/>
</testsuite> <!-- Default test -->
