<?xml version="1.0" encoding="UTF-8"?>
<testng-results ignored="1" total="2" passed="1" failed="0" skipped="0">
  <reporter-output>
  </reporter-output>
  <suite started-at="2022-08-06T00:33:20 IST" name="Default suite" finished-at="2022-08-06T00:33:52 IST" duration-ms="31167">
    <groups>
    </groups>
    <test started-at="2022-08-06T00:33:20 IST" name="Default test" finished-at="2022-08-06T00:33:52 IST" duration-ms="31167">
      <class name="com.company.test.HomePageTest">
        <test-method is-config="true" signature="setUp()[pri:0, instance:com.company.test.HomePageTest@29626d54]" started-at="2022-08-06T00:33:20 IST" name="setUp" finished-at="2022-08-06T00:33:48 IST" duration-ms="27493" status="PASS">
          <reporter-output>
          </reporter-output>
        </test-method> <!-- setUp -->
        <test-method signature="verifyUserNameTest()[pri:2, instance:com.company.test.HomePageTest@29626d54]" started-at="2022-08-06T00:33:48 IST" name="verifyUserNameTest" finished-at="2022-08-06T00:33:48 IST" duration-ms="43" status="PASS">
          <reporter-output>
          </reporter-output>
        </test-method> <!-- verifyUserNameTest -->
        <test-method is-config="true" signature="tearDown()[pri:0, instance:com.company.test.HomePageTest@29626d54]" started-at="2022-08-06T00:33:48 IST" name="tearDown" finished-at="2022-08-06T00:33:52 IST" duration-ms="3566" status="PASS">
          <reporter-output>
          </reporter-output>
        </test-method> <!-- tearDown -->
      </class> <!-- com.company.test.HomePageTest -->
    </test> <!-- Default test -->
  </suite> <!-- Default suite -->
</testng-results>
